app/manifest-merger-release-report.txt
-- Merging decision tree log ---
manifest
ADDED from AndroidManifest.xml:2:1
	package
		ADDED from AndroidManifest.xml:3:5
		INJECTED from AndroidManifest.xml:0:0
		INJECTED from AndroidManifest.xml:0:0
	android:versionName
		INJECTED from AndroidManifest.xml:0:0
		INJECTED from AndroidManifest.xml:0:0
	xmlns:android
		ADDED from AndroidManifest.xml:2:11
	android:versionCode
		INJECTED from AndroidManifest.xml:0:0
		INJECTED from AndroidManifest.xml:0:0
uses-permission#android.permission.CAMERA
ADDED from AndroidManifest.xml:5:5
	android:name
		ADDED from AndroidManifest.xml:5:22
uses-permission#android.permission.WRITE_EXTERNAL_STORAGE
ADDED from AndroidManifest.xml:6:5
	android:name
		ADDED from AndroidManifest.xml:6:22
uses-permission#android.permission.INTERNET
ADDED from AndroidManifest.xml:7:5
	android:name
		ADDED from AndroidManifest.xml:7:22
uses-permission#android.permission.ACCESS_NETWORK_STATE
ADDED from AndroidManifest.xml:8:5
	android:name
		ADDED from AndroidManifest.xml:8:22
uses-permission#android.permission.ACCESS_WIFI_STATE
ADDED from AndroidManifest.xml:9:5
	android:name
		ADDED from AndroidManifest.xml:9:22
application
ADDED from AndroidManifest.xml:11:5
	android:screenOrientation
		ADDED from AndroidManifest.xml:16:9
	android:label
		ADDED from AndroidManifest.xml:15:9
	android:allowBackup
		ADDED from AndroidManifest.xml:13:9
	android:icon
		ADDED from AndroidManifest.xml:14:9
	android:theme
		ADDED from AndroidManifest.xml:17:9
	android:name
		ADDED from AndroidManifest.xml:12:9
activity#nicolagigante.celieye.activity.Eye
ADDED from AndroidManifest.xml:18:9
	android:screenOrientation
		ADDED from AndroidManifest.xml:21:13
	android:label
		ADDED from AndroidManifest.xml:20:13
	android:theme
		ADDED from AndroidManifest.xml:22:13
	android:name
		ADDED from AndroidManifest.xml:19:13
activity#nicolagigante.celieye.activity.Info
ADDED from AndroidManifest.xml:24:9
	android:screenOrientation
		ADDED from AndroidManifest.xml:27:13
	android:label
		ADDED from AndroidManifest.xml:26:13
	android:theme
		ADDED from AndroidManifest.xml:28:13
	android:name
		ADDED from AndroidManifest.xml:25:13
meta-data#android.support.PARENT_ACTIVITY
ADDED from AndroidManifest.xml:29:13
	android:value
		ADDED from AndroidManifest.xml:31:17
	android:name
		ADDED from AndroidManifest.xml:30:17
activity#nicolagigante.celieye.activity.Settings
ADDED from AndroidManifest.xml:33:9
	android:screenOrientation
		ADDED from AndroidManifest.xml:36:13
	android:label
		ADDED from AndroidManifest.xml:35:13
	android:name
		ADDED from AndroidManifest.xml:34:13
activity#nicolagigante.celieye.activity.Design
ADDED from AndroidManifest.xml:41:9
	android:screenOrientation
		ADDED from AndroidManifest.xml:44:13
	android:label
		ADDED from AndroidManifest.xml:43:13
	android:name
		ADDED from AndroidManifest.xml:42:13
activity#nicolagigante.celieye.activity.NotAvailable
ADDED from AndroidManifest.xml:49:9
	android:screenOrientation
		ADDED from AndroidManifest.xml:53:13
	android:label
		ADDED from AndroidManifest.xml:51:13
	android:noHistory
		ADDED from AndroidManifest.xml:52:13
	android:name
		ADDED from AndroidManifest.xml:50:13
activity#nicolagigante.celieye.test.ParseJSON
ADDED from AndroidManifest.xml:58:9
	android:label
		ADDED from AndroidManifest.xml:60:13
	android:name
		ADDED from AndroidManifest.xml:59:13
activity#nicolagigante.celieye.activity.ReleaseNotes
ADDED from AndroidManifest.xml:62:9
	android:label
		ADDED from AndroidManifest.xml:64:13
	android:parentActivityName
		ADDED from AndroidManifest.xml:65:13
	android:name
		ADDED from AndroidManifest.xml:63:13
activity#nicolagigante.celieye.activity.ToDo
ADDED from AndroidManifest.xml:70:9
	android:label
		ADDED from AndroidManifest.xml:72:13
	android:name
		ADDED from AndroidManifest.xml:71:13
activity#nicolagigante.celieye.httpPost.AsyncTaskHttpPost
ADDED from AndroidManifest.xml:77:9
	android:label
		ADDED from AndroidManifest.xml:79:13
	android:name
		ADDED from AndroidManifest.xml:78:13
activity#nicolagigante.celieye.activity.Good
ADDED from AndroidManifest.xml:81:9
	android:label
		ADDED from AndroidManifest.xml:83:13
	android:parentActivityName
		ADDED from AndroidManifest.xml:85:13
	android:noHistory
		ADDED from AndroidManifest.xml:84:13
	android:name
		ADDED from AndroidManifest.xml:82:13
activity#nicolagigante.celieye.activity.bad
ADDED from AndroidManifest.xml:90:9
	android:label
		ADDED from AndroidManifest.xml:92:13
	android:parentActivityName
		ADDED from AndroidManifest.xml:94:13
	android:noHistory
		ADDED from AndroidManifest.xml:93:13
	android:name
		ADDED from AndroidManifest.xml:91:13
activity#nicolagigante.celieye.activity.AndroidFileDownloader
ADDED from AndroidManifest.xml:99:9
	android:label
		ADDED from AndroidManifest.xml:101:13
	android:parentActivityName
		ADDED from AndroidManifest.xml:103:13
	android:noHistory
		ADDED from AndroidManifest.xml:102:13
	android:name
		ADDED from AndroidManifest.xml:100:13
activity#nicolagigante.celieye.activity.Cart
ADDED from AndroidManifest.xml:108:9
	android:label
		ADDED from AndroidManifest.xml:110:13
	android:parentActivityName
		ADDED from AndroidManifest.xml:111:13
	android:name
		ADDED from AndroidManifest.xml:109:13
activity#nicolagigante.celieye.activity.DatabaseActivity
ADDED from AndroidManifest.xml:116:9
	android:label
		ADDED from AndroidManifest.xml:118:13
	android:parentActivityName
		ADDED from AndroidManifest.xml:120:13
	android:noHistory
		ADDED from AndroidManifest.xml:119:13
	android:name
		ADDED from AndroidManifest.xml:117:13
activity#nicolagigante.celieye.activity.First
ADDED from AndroidManifest.xml:125:9
	android:label
		ADDED from AndroidManifest.xml:127:13
	android:parentActivityName
		ADDED from AndroidManifest.xml:129:13
	android:noHistory
		ADDED from AndroidManifest.xml:128:13
	android:name
		ADDED from AndroidManifest.xml:126:13
activity#nicolagigante.celieye.activity.Splash
ADDED from AndroidManifest.xml:134:9
	android:screenOrientation
		ADDED from AndroidManifest.xml:139:13
	android:label
		ADDED from AndroidManifest.xml:136:13
	android:parentActivityName
		ADDED from AndroidManifest.xml:138:13
	android:noHistory
		ADDED from AndroidManifest.xml:137:13
	android:name
		ADDED from AndroidManifest.xml:135:13
intent-filter#android.intent.action.MAIN+android.intent.category.LAUNCHER
ADDED from AndroidManifest.xml:140:13
action#android.intent.action.MAIN
ADDED from AndroidManifest.xml:141:17
	android:name
		ADDED from AndroidManifest.xml:141:25
category#android.intent.category.LAUNCHER
ADDED from AndroidManifest.xml:143:17
	android:name
		ADDED from AndroidManifest.xml:143:27
meta-data#android.app.searchable
ADDED from AndroidManifest.xml:145:13
	android:resource
		ADDED from AndroidManifest.xml:146:17
	android:name
		ADDED from AndroidManifest.xml:145:24
activity#nicolagigante.celieye.activity.FinishTutorial
ADDED from AndroidManifest.xml:148:9
	android:label
		ADDED from AndroidManifest.xml:150:13
	android:parentActivityName
		ADDED from AndroidManifest.xml:152:13
	android:noHistory
		ADDED from AndroidManifest.xml:151:13
	android:name
		ADDED from AndroidManifest.xml:149:13
activity#nicolagigante.celieye.activity.BasicsTut
ADDED from AndroidManifest.xml:157:9
	android:label
		ADDED from AndroidManifest.xml:159:13
	android:noHistory
		ADDED from AndroidManifest.xml:160:13
	android:name
		ADDED from AndroidManifest.xml:158:13
activity#nicolagigante.celieye.test.TestReadWriteFile
ADDED from AndroidManifest.xml:162:9
	android:label
		ADDED from AndroidManifest.xml:164:13
	android:name
		ADDED from AndroidManifest.xml:163:13
activity#nicolagigante.celieye.activity.infobuttontut
ADDED from AndroidManifest.xml:166:9
	android:label
		ADDED from AndroidManifest.xml:168:13
	android:theme
		ADDED from AndroidManifest.xml:169:13
	android:name
		ADDED from AndroidManifest.xml:167:13
activity#nicolagigante.celieye.activity.SegnalaProdotto
ADDED from AndroidManifest.xml:171:9
	android:label
		ADDED from AndroidManifest.xml:173:13
	android:parentActivityName
		ADDED from AndroidManifest.xml:174:13
	android:name
		ADDED from AndroidManifest.xml:172:13
activity#nicolagigante.celieye.test.TestGridView
ADDED from AndroidManifest.xml:179:9
	android:label
		ADDED from AndroidManifest.xml:181:13
	android:name
		ADDED from AndroidManifest.xml:180:13
intent-filter#android.intent.action.SEARCH+android.intent.category.DEFAULT
ADDED from AndroidManifest.xml:182:13
action#android.intent.action.SEARCH
ADDED from AndroidManifest.xml:183:17
	android:name
		ADDED from AndroidManifest.xml:183:25
category#android.intent.category.DEFAULT
ADDED from AndroidManifest.xml:184:17
	android:name
		ADDED from AndroidManifest.xml:184:27
uses-sdk
INJECTED from AndroidManifest.xml:0:0 reason: use-sdk injection requested
	android:targetSdkVersion
		INJECTED from AndroidManifest.xml:0:0
		INJECTED from AndroidManifest.xml:0:0
	android:minSdkVersion
		INJECTED from AndroidManifest.xml:0:0
		INJECTED from AndroidManifest.xml:0:0